# JRE version: Java(TM) SE Runtime Environment (17.0.11+7) (build 17.0.11+7-LTS-207)
# Java VM: Java HotSpot(TM) 64-Bit Server VM (17.0.11+7-LTS-207, mixed mode, emulated-client, sharing, tiered, compressed oops, compressed class ptrs, g1 gc, windows-amd64)
GC Precious Log:
 CPUs: 12 total, 12 available
 Memory: 5829M
 Large Page Support: Disabled
 NUMA Support: Disabled
 Compressed Oops: Enabled (32-bit)
 Heap Region Size: 1M
 Heap Min Capacity: 8M
 Heap Initial Capacity: 92M
 Heap Max Capacity: 1458M
 Pre-touch: Disabled
 Parallel Workers: 10
 Concurrent Workers: 3
 Concurrent Refinement Workers: 10
 Periodic GC: Disabled
Heap:
 garbage-first heap   total 225280K, used 119170K [0x00000000a4e00000, 0x0000000100000000)
  region size 1024K, 4 young (4096K), 4 survivors (4096K)
 Metaspace       used 92739K, committed 93440K, reserved 1179648K
  class space    used 13593K, committed 13888K, reserved 1048576K
GC Heap History (20 events):
Event: 11.696 GC heap after
{Heap after GC invocations=19 (full 0):
 garbage-first heap   total 109568K, used 44732K [0x00000000a4e00000, 0x0000000100000000)
  region size 1024K, 6 young (6144K), 6 survivors (6144K)
 Metaspace       used 74048K, committed 74752K, reserved 1114112K
  class space    used 10844K, committed 11200K, reserved 1048576K
}
Event: 12.248 GC heap before
{Heap before GC invocations=19 (full 0):
 garbage-first heap   total 109568K, used 90812K [0x00000000a4e00000, 0x0000000100000000)
  region size 1024K, 50 young (51200K), 6 survivors (6144K)
 Metaspace       used 78733K, committed 79360K, reserved 1179648K
  class space    used 11274K, committed 11584K, reserved 1048576K
}
Event: 12.256 GC heap after
{Heap after GC invocations=20 (full 0):
 garbage-first heap   total 109568K, used 53015K [0x00000000a4e00000, 0x0000000100000000)
  region size 1024K, 7 young (7168K), 7 survivors (7168K)
 Metaspace       used 78733K, committed 79360K, reserved 1179648K
  class space    used 11274K, committed 11584K, reserved 1048576K
}
Event: 12.312 GC heap before
{Heap before GC invocations=20 (full 0):
 garbage-first heap   total 109568K, used 72471K [0x00000000a4e00000, 0x0000000100000000)
  region size 1024K, 25 young (25600K), 7 survivors (7168K)
 Metaspace       used 78767K, committed 79424K, reserved 1179648K
  class space    used 11280K, committed 11584K, reserved 1048576K
}
Event: 12.323 GC heap after
{Heap after GC invocations=21 (full 0):
 garbage-first heap   total 109568K, used 64353K [0x00000000a4e00000, 0x0000000100000000)
  region size 1024K, 5 young (5120K), 5 survivors (5120K)
 Metaspace       used 78767K, committed 79424K, reserved 1179648K
  class space    used 11280K, committed 11584K, reserved 1048576K
}
Event: 12.389 GC heap before
{Heap before GC invocations=22 (full 0):
 garbage-first heap   total 122880K, used 85857K [0x00000000a4e00000, 0x0000000100000000)
  region size 1024K, 23 young (23552K), 5 survivors (5120K)
 Metaspace       used 78846K, committed 79488K, reserved 1179648K
  class space    used 11290K, committed 11584K, reserved 1048576K
}
Event: 12.397 GC heap after
{Heap after GC invocations=23 (full 0):
 garbage-first heap   total 122880K, used 75949K [0x00000000a4e00000, 0x0000000100000000)
  region size 1024K, 3 young (3072K), 3 survivors (3072K)
 Metaspace       used 78846K, committed 79488K, reserved 1179648K
  class space    used 11290K, committed 11584K, reserved 1048576K
}
Event: 12.403 GC heap before
{Heap before GC invocations=23 (full 0):
 garbage-first heap   total 122880K, used 79021K [0x00000000a4e00000, 0x0000000100000000)
  region size 1024K, 6 young (6144K), 3 survivors (3072K)
 Metaspace       used 78846K, committed 79488K, reserved 1179648K
  class space    used 11290K, committed 11584K, reserved 1048576K
}
Event: 12.409 GC heap after
{Heap after GC invocations=24 (full 0):
 garbage-first heap   total 225280K, used 77557K [0x00000000a4e00000, 0x0000000100000000)
  region size 1024K, 1 young (1024K), 1 survivors (1024K)
 Metaspace       used 78846K, committed 79488K, reserved 1179648K
  class space    used 11290K, committed 11584K, reserved 1048576K
}
Event: 12.913 GC heap before
{Heap before GC invocations=24 (full 0):
 garbage-first heap   total 225280K, used 137973K [0x00000000a4e00000, 0x0000000100000000)
  region size 1024K, 56 young (57344K), 1 survivors (1024K)
 Metaspace       used 82875K, committed 83520K, reserved 1179648K
  class space    used 12146K, committed 12480K, reserved 1048576K
}
Event: 12.925 GC heap after
{Heap after GC invocations=25 (full 0):
 garbage-first heap   total 225280K, used 96991K [0x00000000a4e00000, 0x0000000100000000)
  region size 1024K, 7 young (7168K), 7 survivors (7168K)
 Metaspace       used 82875K, committed 83520K, reserved 1179648K
  class space    used 12146K, committed 12480K, reserved 1048576K
}
Event: 13.167 GC heap before
{Heap before GC invocations=25 (full 0):
 garbage-first heap   total 225280K, used 148191K [0x00000000a4e00000, 0x0000000100000000)
  region size 1024K, 56 young (57344K), 7 survivors (7168K)
 Metaspace       used 84482K, committed 85184K, reserved 1179648K
  class space    used 12379K, committed 12736K, reserved 1048576K
}
Event: 13.176 GC heap after
{Heap after GC invocations=26 (full 0):
 garbage-first heap   total 225280K, used 104746K [0x00000000a4e00000, 0x0000000100000000)
  region size 1024K, 6 young (6144K), 6 survivors (6144K)
 Metaspace       used 84482K, committed 85184K, reserved 1179648K
  class space    used 12379K, committed 12736K, reserved 1048576K
}
Event: 13.224 GC heap before
{Heap before GC invocations=26 (full 0):
 garbage-first heap   total 225280K, used 125226K [0x00000000a4e00000, 0x0000000100000000)
  region size 1024K, 25 young (25600K), 6 survivors (6144K)
 Metaspace       used 84482K, committed 85184K, reserved 1179648K
  class space    used 12379K, committed 12736K, reserved 1048576K
}
Event: 13.234 GC heap after
{Heap after GC invocations=27 (full 0):
 garbage-first heap   total 225280K, used 115795K [0x00000000a4e00000, 0x0000000100000000)
  region size 1024K, 7 young (7168K), 7 survivors (7168K)
 Metaspace       used 84482K, committed 85184K, reserved 1179648K
  class space    used 12379K, committed 12736K, reserved 1048576K
}
Event: 14.056 GC heap before
{Heap before GC invocations=28 (full 0):
 garbage-first heap   total 225280K, used 153683K [0x00000000a4e00000, 0x0000000100000000)
  region size 1024K, 49 young (50176K), 7 survivors (7168K)
 Metaspace       used 89476K, committed 90240K, reserved 1179648K
  class space    used 13086K, committed 13440K, reserved 1048576K
}
Event: 14.065 GC heap after
{Heap after GC invocations=29 (full 0):
 garbage-first heap   total 225280K, used 117646K [0x00000000a4e00000, 0x0000000100000000)
  region size 1024K, 7 young (7168K), 7 survivors (7168K)
 Metaspace       used 89476K, committed 90240K, reserved 1179648K
  class space    used 13086K, committed 13440K, reserved 1048576K
}
Event: 14.100 GC heap before
{Heap before GC invocations=29 (full 0):
 garbage-first heap   total 225280K, used 121742K [0x00000000a4e00000, 0x0000000100000000)
  region size 1024K, 11 young (11264K), 7 survivors (7168K)
 Metaspace       used 89572K, committed 90304K, reserved 1179648K
  class space    used 13093K, committed 13440K, reserved 1048576K
}
Event: 14.104 GC heap after
{Heap after GC invocations=30 (full 0):
 garbage-first heap   total 225280K, used 116437K [0x00000000a4e00000, 0x0000000100000000)
  region size 1024K, 2 young (2048K), 2 survivors (2048K)
 Metaspace       used 89572K, committed 90304K, reserved 1179648K
  class space    used 13093K, committed 13440K, reserved 1048576K
}
Event: 14.802 GC heap before
{Heap before GC invocations=30 (full 0):
 garbage-first heap   total 225280K, used 161493K [0x00000000a4e00000, 0x0000000100000000)
  region size 1024K, 46 young (47104K), 2 survivors (2048K)
 Metaspace       used 92739K, committed 93440K, reserved 1179648K
  class space    used 13593K, committed 13888K, reserved 1048576K
}

