# JRE version: Java(TM) SE Runtime Environment (17.0.11+7) (build 17.0.11+7-LTS-207)
# Java VM: Java HotSpot(TM) 64-Bit Server VM (17.0.11+7-LTS-207, mixed mode, emulated-client, sharing, tiered, compressed oops, compressed class ptrs, g1 gc, windows-amd64)
GC Precious Log:
 CPUs: 12 total, 12 available
 Memory: 5829M
 Large Page Support: Disabled
 NUMA Support: Disabled
 Compressed Oops: Enabled (32-bit)
 Heap Region Size: 1M
 Heap Min Capacity: 8M
 Heap Initial Capacity: 92M
 Heap Max Capacity: 1458M
 Pre-touch: Disabled
 Parallel Workers: 10
 Concurrent Workers: 3
 Concurrent Refinement Workers: 10
 Periodic GC: Disabled
Heap:
 garbage-first heap   total 121856K, used 80264K [0x00000000a4e00000, 0x0000000100000000)
  region size 1024K, 3 young (3072K), 3 survivors (3072K)
 Metaspace       used 78845K, committed 79488K, reserved 1179648K
  class space    used 11289K, committed 11584K, reserved 1048576K
GC Heap History (20 events):
Event: 6.171 GC heap after
{Heap after GC invocations=13 (full 0):
 garbage-first heap   total 95232K, used 34131K [0x00000000a4e00000, 0x0000000100000000)
  region size 1024K, 6 young (6144K), 6 survivors (6144K)
 Metaspace       used 40929K, committed 41408K, reserved 1114112K
  class space    used 5837K, committed 6016K, reserved 1048576K
}
Event: 6.965 GC heap before
{Heap before GC invocations=13 (full 0):
 garbage-first heap   total 95232K, used 73043K [0x00000000a4e00000, 0x0000000100000000)
  region size 1024K, 44 young (45056K), 6 survivors (6144K)
 Metaspace       used 47396K, committed 47936K, reserved 1114112K
  class space    used 6708K, committed 6976K, reserved 1048576K
}
Event: 6.976 GC heap after
{Heap after GC invocations=14 (full 0):
 garbage-first heap   total 95232K, used 36556K [0x00000000a4e00000, 0x0000000100000000)
  region size 1024K, 6 young (6144K), 6 survivors (6144K)
 Metaspace       used 47396K, committed 47936K, reserved 1114112K
  class space    used 6708K, committed 6976K, reserved 1048576K
}
Event: 7.804 GC heap before
{Heap before GC invocations=14 (full 0):
 garbage-first heap   total 95232K, used 73420K [0x00000000a4e00000, 0x0000000100000000)
  region size 1024K, 42 young (43008K), 6 survivors (6144K)
 Metaspace       used 52764K, committed 53312K, reserved 1114112K
  class space    used 7527K, committed 7808K, reserved 1048576K
}
Event: 7.816 GC heap after
{Heap after GC invocations=15 (full 0):
 garbage-first heap   total 114688K, used 38228K [0x00000000a4e00000, 0x0000000100000000)
  region size 1024K, 5 young (5120K), 5 survivors (5120K)
 Metaspace       used 52764K, committed 53312K, reserved 1114112K
  class space    used 7527K, committed 7808K, reserved 1048576K
}
Event: 8.588 GC heap before
{Heap before GC invocations=15 (full 0):
 garbage-first heap   total 114688K, used 86356K [0x00000000a4e00000, 0x0000000100000000)
  region size 1024K, 53 young (54272K), 5 survivors (5120K)
 Metaspace       used 59872K, committed 60416K, reserved 1114112K
  class space    used 8606K, committed 8832K, reserved 1048576K
}
Event: 8.600 GC heap after
{Heap after GC invocations=16 (full 0):
 garbage-first heap   total 114688K, used 40312K [0x00000000a4e00000, 0x0000000100000000)
  region size 1024K, 4 young (4096K), 4 survivors (4096K)
 Metaspace       used 59872K, committed 60416K, reserved 1114112K
  class space    used 8606K, committed 8832K, reserved 1048576K
}
Event: 9.421 GC heap before
{Heap before GC invocations=17 (full 0):
 garbage-first heap   total 114688K, used 90488K [0x00000000a4e00000, 0x0000000100000000)
  region size 1024K, 54 young (55296K), 4 survivors (4096K)
 Metaspace       used 67014K, committed 67584K, reserved 1114112K
  class space    used 9797K, committed 10048K, reserved 1048576K
}
Event: 9.429 GC heap after
{Heap after GC invocations=18 (full 0):
 garbage-first heap   total 114688K, used 41878K [0x00000000a4e00000, 0x0000000100000000)
  region size 1024K, 4 young (4096K), 4 survivors (4096K)
 Metaspace       used 67014K, committed 67584K, reserved 1114112K
  class space    used 9797K, committed 10048K, reserved 1048576K
}
Event: 11.173 GC heap before
{Heap before GC invocations=18 (full 0):
 garbage-first heap   total 114688K, used 92054K [0x00000000a4e00000, 0x0000000100000000)
  region size 1024K, 53 young (54272K), 4 survivors (4096K)
 Metaspace       used 74300K, committed 74944K, reserved 1114112K
  class space    used 10885K, committed 11200K, reserved 1048576K
}
Event: 11.184 GC heap after
{Heap after GC invocations=19 (full 0):
 garbage-first heap   total 114688K, used 44901K [0x00000000a4e00000, 0x0000000100000000)
  region size 1024K, 7 young (7168K), 7 survivors (7168K)
 Metaspace       used 74300K, committed 74944K, reserved 1114112K
  class space    used 10885K, committed 11200K, reserved 1048576K
}
Event: 11.696 GC heap before
{Heap before GC invocations=19 (full 0):
 garbage-first heap   total 114688K, used 93029K [0x00000000a4e00000, 0x0000000100000000)
  region size 1024K, 53 young (54272K), 7 survivors (7168K)
 Metaspace       used 78732K, committed 79424K, reserved 1179648K
  class space    used 11274K, committed 11584K, reserved 1048576K
}
Event: 11.707 GC heap after
{Heap after GC invocations=20 (full 0):
 garbage-first heap   total 114688K, used 54787K [0x00000000a4e00000, 0x0000000100000000)
  region size 1024K, 7 young (7168K), 7 survivors (7168K)
 Metaspace       used 78732K, committed 79424K, reserved 1179648K
  class space    used 11274K, committed 11584K, reserved 1048576K
}
Event: 11.752 GC heap before
{Heap before GC invocations=20 (full 0):
 garbage-first heap   total 114688K, used 67075K [0x00000000a4e00000, 0x0000000100000000)
  region size 1024K, 18 young (18432K), 7 survivors (7168K)
 Metaspace       used 78766K, committed 79424K, reserved 1179648K
  class space    used 11279K, committed 11584K, reserved 1048576K
}
Event: 11.761 GC heap after
{Heap after GC invocations=21 (full 0):
 garbage-first heap   total 114688K, used 63996K [0x00000000a4e00000, 0x0000000100000000)
  region size 1024K, 5 young (5120K), 5 survivors (5120K)
 Metaspace       used 78766K, committed 79424K, reserved 1179648K
  class space    used 11279K, committed 11584K, reserved 1048576K
}
Event: 11.832 GC heap before
{Heap before GC invocations=22 (full 0):
 garbage-first heap   total 121856K, used 87548K [0x00000000a4e00000, 0x0000000100000000)
  region size 1024K, 25 young (25600K), 5 survivors (5120K)
 Metaspace       used 78845K, committed 79488K, reserved 1179648K
  class space    used 11289K, committed 11584K, reserved 1048576K
}
Event: 11.840 GC heap after
{Heap after GC invocations=23 (full 0):
 garbage-first heap   total 121856K, used 76227K [0x00000000a4e00000, 0x0000000100000000)
  region size 1024K, 4 young (4096K), 4 survivors (4096K)
 Metaspace       used 78845K, committed 79488K, reserved 1179648K
  class space    used 11289K, committed 11584K, reserved 1048576K
}
Event: 11.842 GC heap before
{Heap before GC invocations=23 (full 0):
 garbage-first heap   total 121856K, used 77251K [0x00000000a4e00000, 0x0000000100000000)
  region size 1024K, 5 young (5120K), 4 survivors (4096K)
 Metaspace       used 78845K, committed 79488K, reserved 1179648K
  class space    used 11289K, committed 11584K, reserved 1048576K
}
Event: 11.846 GC heap after
{Heap after GC invocations=24 (full 0):
 garbage-first heap   total 121856K, used 77528K [0x00000000a4e00000, 0x0000000100000000)
  region size 1024K, 1 young (1024K), 1 survivors (1024K)
 Metaspace       used 78845K, committed 79488K, reserved 1179648K
  class space    used 11289K, committed 11584K, reserved 1048576K
}
Event: 11.863 GC heap before
{Heap before GC invocations=24 (full 0):
 garbage-first heap   total 121856K, used 85720K [0x00000000a4e00000, 0x0000000100000000)
  region size 1024K, 10 young (10240K), 1 survivors (1024K)
 Metaspace       used 78845K, committed 79488K, reserved 1179648K
  class space    used 11289K, committed 11584K, reserved 1048576K
}

