# JRE version: Java(TM) SE Runtime Environment (17.0.11+7) (build 17.0.11+7-LTS-207)
# Java VM: Java HotSpot(TM) 64-Bit Server VM (17.0.11+7-LTS-207, mixed mode, emulated-client, sharing, tiered, compressed oops, compressed class ptrs, g1 gc, windows-amd64)
GC Precious Log:
 CPUs: 12 total, 12 available
 Memory: 5829M
 Large Page Support: Disabled
 NUMA Support: Disabled
 Compressed Oops: Enabled (32-bit)
 Heap Region Size: 1M
 Heap Min Capacity: 8M
 Heap Initial Capacity: 92M
 Heap Max Capacity: 1458M
 Pre-touch: Disabled
 Parallel Workers: 10
 Concurrent Workers: 3
 Concurrent Refinement Workers: 10
 Periodic GC: Disabled
Heap:
 garbage-first heap   total 151552K, used 87447K [0x00000000a4e00000, 0x0000000100000000)
  region size 1024K, 1 young (1024K), 1 survivors (1024K)
 Metaspace       used 78843K, committed 79488K, reserved 1179648K
  class space    used 11284K, committed 11584K, reserved 1048576K
GC Heap History (20 events):
Event: 7.175 GC heap after
{Heap after GC invocations=13 (full 0):
 garbage-first heap   total 112640K, used 35749K [0x00000000a4e00000, 0x0000000100000000)
  region size 1024K, 8 young (8192K), 8 survivors (8192K)
 Metaspace       used 42384K, committed 42944K, reserved 1114112K
  class space    used 6057K, committed 6336K, reserved 1048576K
}
Event: 8.446 GC heap before
{Heap before GC invocations=13 (full 0):
 garbage-first heap   total 112640K, used 86949K [0x00000000a4e00000, 0x0000000100000000)
  region size 1024K, 58 young (59392K), 8 survivors (8192K)
 Metaspace       used 51997K, committed 52608K, reserved 1114112K
  class space    used 7405K, committed 7680K, reserved 1048576K
}
Event: 8.463 GC heap after
{Heap after GC invocations=14 (full 0):
 garbage-first heap   total 112640K, used 38467K [0x00000000a4e00000, 0x0000000100000000)
  region size 1024K, 3 young (3072K), 3 survivors (3072K)
 Metaspace       used 51997K, committed 52608K, reserved 1114112K
  class space    used 7405K, committed 7680K, reserved 1048576K
}
Event: 9.313 GC heap before
{Heap before GC invocations=14 (full 0):
 garbage-first heap   total 112640K, used 88643K [0x00000000a4e00000, 0x0000000100000000)
  region size 1024K, 52 young (53248K), 3 survivors (3072K)
 Metaspace       used 59169K, committed 59776K, reserved 1114112K
  class space    used 8498K, committed 8768K, reserved 1048576K
}
Event: 9.323 GC heap after
{Heap after GC invocations=15 (full 0):
 garbage-first heap   total 112640K, used 39849K [0x00000000a4e00000, 0x0000000100000000)
  region size 1024K, 5 young (5120K), 5 survivors (5120K)
 Metaspace       used 59169K, committed 59776K, reserved 1114112K
  class space    used 8498K, committed 8768K, reserved 1048576K
}
Event: 9.375 GC heap before
{Heap before GC invocations=15 (full 0):
 garbage-first heap   total 112640K, used 42921K [0x00000000a4e00000, 0x0000000100000000)
  region size 1024K, 9 young (9216K), 5 survivors (5120K)
 Metaspace       used 59623K, committed 60160K, reserved 1114112K
  class space    used 8565K, committed 8832K, reserved 1048576K
}
Event: 9.380 GC heap after
{Heap after GC invocations=16 (full 0):
 garbage-first heap   total 112640K, used 40707K [0x00000000a4e00000, 0x0000000100000000)
  region size 1024K, 3 young (3072K), 3 survivors (3072K)
 Metaspace       used 59623K, committed 60160K, reserved 1114112K
  class space    used 8565K, committed 8832K, reserved 1048576K
}
Event: 10.125 GC heap before
{Heap before GC invocations=17 (full 0):
 garbage-first heap   total 112640K, used 91907K [0x00000000a4e00000, 0x0000000100000000)
  region size 1024K, 53 young (54272K), 3 survivors (3072K)
 Metaspace       used 66595K, committed 67136K, reserved 1114112K
  class space    used 9737K, committed 9984K, reserved 1048576K
}
Event: 10.130 GC heap after
{Heap after GC invocations=18 (full 0):
 garbage-first heap   total 112640K, used 41420K [0x00000000a4e00000, 0x0000000100000000)
  region size 1024K, 4 young (4096K), 4 survivors (4096K)
 Metaspace       used 66595K, committed 67136K, reserved 1114112K
  class space    used 9737K, committed 9984K, reserved 1048576K
}
Event: 11.942 GC heap before
{Heap before GC invocations=18 (full 0):
 garbage-first heap   total 112640K, used 92620K [0x00000000a4e00000, 0x0000000100000000)
  region size 1024K, 54 young (55296K), 4 survivors (4096K)
 Metaspace       used 74268K, committed 74944K, reserved 1114112K
  class space    used 10874K, committed 11200K, reserved 1048576K
}
Event: 11.952 GC heap after
{Heap after GC invocations=19 (full 0):
 garbage-first heap   total 112640K, used 44599K [0x00000000a4e00000, 0x0000000100000000)
  region size 1024K, 7 young (7168K), 7 survivors (7168K)
 Metaspace       used 74268K, committed 74944K, reserved 1114112K
  class space    used 10874K, committed 11200K, reserved 1048576K
}
Event: 12.478 GC heap before
{Heap before GC invocations=19 (full 0):
 garbage-first heap   total 112640K, used 93751K [0x00000000a4e00000, 0x0000000100000000)
  region size 1024K, 53 young (54272K), 7 survivors (7168K)
 Metaspace       used 78730K, committed 79424K, reserved 1179648K
  class space    used 11269K, committed 11584K, reserved 1048576K
}
Event: 12.488 GC heap after
{Heap after GC invocations=20 (full 0):
 garbage-first heap   total 112640K, used 54228K [0x00000000a4e00000, 0x0000000100000000)
  region size 1024K, 7 young (7168K), 7 survivors (7168K)
 Metaspace       used 78730K, committed 79424K, reserved 1179648K
  class space    used 11269K, committed 11584K, reserved 1048576K
}
Event: 12.529 GC heap before
{Heap before GC invocations=20 (full 0):
 garbage-first heap   total 112640K, used 67540K [0x00000000a4e00000, 0x0000000100000000)
  region size 1024K, 19 young (19456K), 7 survivors (7168K)
 Metaspace       used 78764K, committed 79424K, reserved 1179648K
  class space    used 11274K, committed 11584K, reserved 1048576K
}
Event: 12.539 GC heap after
{Heap after GC invocations=21 (full 0):
 garbage-first heap   total 112640K, used 63850K [0x00000000a4e00000, 0x0000000100000000)
  region size 1024K, 5 young (5120K), 5 survivors (5120K)
 Metaspace       used 78764K, committed 79424K, reserved 1179648K
  class space    used 11274K, committed 11584K, reserved 1048576K
}
Event: 12.596 GC heap before
{Heap before GC invocations=22 (full 0):
 garbage-first heap   total 122880K, used 83306K [0x00000000a4e00000, 0x0000000100000000)
  region size 1024K, 23 young (23552K), 5 survivors (5120K)
 Metaspace       used 78843K, committed 79488K, reserved 1179648K
  class space    used 11284K, committed 11584K, reserved 1048576K
}
Event: 12.604 GC heap after
{Heap after GC invocations=23 (full 0):
 garbage-first heap   total 122880K, used 74609K [0x00000000a4e00000, 0x0000000100000000)
  region size 1024K, 4 young (4096K), 4 survivors (4096K)
 Metaspace       used 78843K, committed 79488K, reserved 1179648K
  class space    used 11284K, committed 11584K, reserved 1048576K
}
Event: 12.671 GC heap before
{Heap before GC invocations=24 (full 0):
 garbage-first heap   total 138240K, used 92017K [0x00000000a4e00000, 0x0000000100000000)
  region size 1024K, 21 young (21504K), 4 survivors (4096K)
 Metaspace       used 78843K, committed 79488K, reserved 1179648K
  class space    used 11284K, committed 11584K, reserved 1048576K
}
Event: 12.679 GC heap after
{Heap after GC invocations=25 (full 0):
 garbage-first heap   total 138240K, used 82600K [0x00000000a4e00000, 0x0000000100000000)
  region size 1024K, 3 young (3072K), 3 survivors (3072K)
 Metaspace       used 78843K, committed 79488K, reserved 1179648K
  class space    used 11284K, committed 11584K, reserved 1048576K
}
Event: 12.688 GC heap before
{Heap before GC invocations=25 (full 0):
 garbage-first heap   total 138240K, used 85672K [0x00000000a4e00000, 0x0000000100000000)
  region size 1024K, 6 young (6144K), 3 survivors (3072K)
 Metaspace       used 78843K, committed 79488K, reserved 1179648K
  class space    used 11284K, committed 11584K, reserved 1048576K
}

