# JRE version: Java(TM) SE Runtime Environment (17.0.11+7) (build 17.0.11+7-LTS-207)
# Java VM: Java HotSpot(TM) 64-Bit Server VM (17.0.11+7-LTS-207, mixed mode, emulated-client, sharing, tiered, compressed oops, compressed class ptrs, g1 gc, windows-amd64)
GC Precious Log:
 CPUs: 12 total, 12 available
 Memory: 5829M
 Large Page Support: Disabled
 NUMA Support: Disabled
 Compressed Oops: Enabled (32-bit)
 Heap Region Size: 1M
 Heap Min Capacity: 8M
 Heap Initial Capacity: 92M
 Heap Max Capacity: 1458M
 Pre-touch: Disabled
 Parallel Workers: 10
 Concurrent Workers: 3
 Concurrent Refinement Workers: 10
 Periodic GC: Disabled
Heap:
 garbage-first heap   total 68608K, used 28737K [0x00000000a4e00000, 0x0000000100000000)
  region size 1024K, 3 young (3072K), 3 survivors (3072K)
 Metaspace       used 48456K, committed 49024K, reserved 1114112K
  class space    used 6889K, committed 7168K, reserved 1048576K
GC Heap History (20 events):
Event: 1.413 GC heap after
{Heap after GC invocations=1 (full 0):
 garbage-first heap   total 94208K, used 9044K [0x00000000a4e00000, 0x0000000100000000)
  region size 1024K, 3 young (3072K), 3 survivors (3072K)
 Metaspace       used 3912K, committed 4096K, reserved 1114112K
  class space    used 518K, committed 576K, reserved 1048576K
}
Event: 2.221 GC heap before
{Heap before GC invocations=1 (full 0):
 garbage-first heap   total 94208K, used 34644K [0x00000000a4e00000, 0x0000000100000000)
  region size 1024K, 29 young (29696K), 3 survivors (3072K)
 Metaspace       used 8882K, committed 9152K, reserved 1114112K
  class space    used 1279K, committed 1408K, reserved 1048576K
}
Event: 2.228 GC heap after
{Heap after GC invocations=2 (full 0):
 garbage-first heap   total 94208K, used 11220K [0x00000000a4e00000, 0x0000000100000000)
  region size 1024K, 2 young (2048K), 2 survivors (2048K)
 Metaspace       used 8882K, committed 9152K, reserved 1114112K
  class space    used 1279K, committed 1408K, reserved 1048576K
}
Event: 2.997 GC heap before
{Heap before GC invocations=2 (full 0):
 garbage-first heap   total 94208K, used 56276K [0x00000000a4e00000, 0x0000000100000000)
  region size 1024K, 47 young (48128K), 2 survivors (2048K)
 Metaspace       used 16504K, committed 16832K, reserved 1114112K
  class space    used 2238K, committed 2368K, reserved 1048576K
}
Event: 3.003 GC heap after
{Heap after GC invocations=3 (full 0):
 garbage-first heap   total 94208K, used 15253K [0x00000000a4e00000, 0x0000000100000000)
  region size 1024K, 6 young (6144K), 6 survivors (6144K)
 Metaspace       used 16504K, committed 16832K, reserved 1114112K
  class space    used 2238K, committed 2368K, reserved 1048576K
}
Event: 4.151 GC heap before
{Heap before GC invocations=3 (full 0):
 garbage-first heap   total 94208K, used 61333K [0x00000000a4e00000, 0x0000000100000000)
  region size 1024K, 51 young (52224K), 6 survivors (6144K)
 Metaspace       used 20851K, committed 21184K, reserved 1114112K
  class space    used 2813K, committed 2944K, reserved 1048576K
}
Event: 4.163 GC heap after
{Heap after GC invocations=4 (full 0):
 garbage-first heap   total 94208K, used 18149K [0x00000000a4e00000, 0x0000000100000000)
  region size 1024K, 4 young (4096K), 4 survivors (4096K)
 Metaspace       used 20851K, committed 21184K, reserved 1114112K
  class space    used 2813K, committed 2944K, reserved 1048576K
}
Event: 4.250 GC heap before
{Heap before GC invocations=4 (full 0):
 garbage-first heap   total 94208K, used 21221K [0x00000000a4e00000, 0x0000000100000000)
  region size 1024K, 8 young (8192K), 4 survivors (4096K)
 Metaspace       used 21242K, committed 21504K, reserved 1114112K
  class space    used 2884K, committed 3008K, reserved 1048576K
}
Event: 4.258 GC heap after
{Heap after GC invocations=5 (full 0):
 garbage-first heap   total 94208K, used 18161K [0x00000000a4e00000, 0x0000000100000000)
  region size 1024K, 4 young (4096K), 4 survivors (4096K)
 Metaspace       used 21242K, committed 21504K, reserved 1114112K
  class space    used 2884K, committed 3008K, reserved 1048576K
}
Event: 5.151 GC heap before
{Heap before GC invocations=6 (full 0):
 garbage-first heap   total 68608K, used 55025K [0x00000000a4e00000, 0x0000000100000000)
  region size 1024K, 40 young (40960K), 4 survivors (4096K)
 Metaspace       used 25286K, committed 25600K, reserved 1114112K
  class space    used 3552K, committed 3712K, reserved 1048576K
}
Event: 5.162 GC heap after
{Heap after GC invocations=7 (full 0):
 garbage-first heap   total 68608K, used 20025K [0x00000000a4e00000, 0x0000000100000000)
  region size 1024K, 3 young (3072K), 3 survivors (3072K)
 Metaspace       used 25286K, committed 25600K, reserved 1114112K
  class space    used 3552K, committed 3712K, reserved 1048576K
}
Event: 6.445 GC heap before
{Heap before GC invocations=7 (full 0):
 garbage-first heap   total 68608K, used 48697K [0x00000000a4e00000, 0x0000000100000000)
  region size 1024K, 31 young (31744K), 3 survivors (3072K)
 Metaspace       used 30148K, committed 30592K, reserved 1114112K
  class space    used 4229K, committed 4416K, reserved 1048576K
}
Event: 6.457 GC heap after
{Heap after GC invocations=8 (full 0):
 garbage-first heap   total 68608K, used 22714K [0x00000000a4e00000, 0x0000000100000000)
  region size 1024K, 3 young (3072K), 3 survivors (3072K)
 Metaspace       used 30148K, committed 30592K, reserved 1114112K
  class space    used 4229K, committed 4416K, reserved 1048576K
}
Event: 8.145 GC heap before
{Heap before GC invocations=8 (full 0):
 garbage-first heap   total 68608K, used 46266K [0x00000000a4e00000, 0x0000000100000000)
  region size 1024K, 27 young (27648K), 3 survivors (3072K)
 Metaspace       used 35575K, committed 35968K, reserved 1114112K
  class space    used 4944K, committed 5120K, reserved 1048576K
}
Event: 8.156 GC heap after
{Heap after GC invocations=9 (full 0):
 garbage-first heap   total 68608K, used 24651K [0x00000000a4e00000, 0x0000000100000000)
  region size 1024K, 2 young (2048K), 2 survivors (2048K)
 Metaspace       used 35575K, committed 35968K, reserved 1114112K
  class space    used 4944K, committed 5120K, reserved 1048576K
}
Event: 8.816 GC heap before
{Heap before GC invocations=10 (full 0):
 garbage-first heap   total 68608K, used 50251K [0x00000000a4e00000, 0x0000000100000000)
  region size 1024K, 28 young (28672K), 2 survivors (2048K)
 Metaspace       used 40205K, committed 40704K, reserved 1114112K
  class space    used 5625K, committed 5824K, reserved 1048576K
}
Event: 8.825 GC heap after
{Heap after GC invocations=11 (full 0):
 garbage-first heap   total 68608K, used 25886K [0x00000000a4e00000, 0x0000000100000000)
  region size 1024K, 4 young (4096K), 4 survivors (4096K)
 Metaspace       used 40205K, committed 40704K, reserved 1114112K
  class space    used 5625K, committed 5824K, reserved 1048576K
}
Event: 9.428 GC heap before
{Heap before GC invocations=11 (full 0):
 garbage-first heap   total 68608K, used 51486K [0x00000000a4e00000, 0x0000000100000000)
  region size 1024K, 30 young (30720K), 4 survivors (4096K)
 Metaspace       used 44550K, committed 45120K, reserved 1114112K
  class space    used 6373K, committed 6656K, reserved 1048576K
}
Event: 9.436 GC heap after
{Heap after GC invocations=12 (full 0):
 garbage-first heap   total 68608K, used 27215K [0x00000000a4e00000, 0x0000000100000000)
  region size 1024K, 3 young (3072K), 3 survivors (3072K)
 Metaspace       used 44550K, committed 45120K, reserved 1114112K
  class space    used 6373K, committed 6656K, reserved 1048576K
}
Event: 11.952 GC heap before
{Heap before GC invocations=12 (full 0):
 garbage-first heap   total 68608K, used 51791K [0x00000000a4e00000, 0x0000000100000000)
  region size 1024K, 28 young (28672K), 3 survivors (3072K)
 Metaspace       used 48456K, committed 49024K, reserved 1114112K
  class space    used 6889K, committed 7168K, reserved 1048576K
}

