# JRE version: Java(TM) SE Runtime Environment (21.0.7+8) (build 21.0.7+8-LTS-245)
# Java VM: Java HotSpot(TM) 64-Bit Server VM (21.0.7+8-LTS-245, mixed mode, sharing, tiered, compressed oops, compressed class ptrs, g1 gc, windows-amd64)
GC Precious Log:
 CardTable entry size: 512
 Card Set container configuration: InlinePtr #cards 5 size 8 Array Of Cards #cards 12 size 40 Howl #buckets 4 coarsen threshold 1843 Howl Bitmap #cards 512 size 80 coarsen threshold 460 Card regions per heap region 1 cards per card region 2048
 CPUs: 12 total, 12 available
 Memory: 5829M
 Large Page Support: Disabled
 NUMA Support: Disabled
 Compressed Oops: Enabled (32-bit)
 Heap Region Size: 1M
 Heap Min Capacity: 256M
 Heap Initial Capacity: 256M
 Heap Max Capacity: 512M
 Pre-touch: Disabled
 Parallel Workers: 10
 Concurrent Workers: 3
 Concurrent Refinement Workers: 10
 Periodic GC: Disabled
Heap:
 garbage-first heap   total 262144K, used 197087K [0x00000000e0000000, 0x0000000100000000)
  region size 1024K, 129 young (132096K), 4 survivors (4096K)
 Metaspace       used 67207K, committed 69504K, reserved 393216K
  class space    used 9405K, committed 10560K, reserved 327680K
GC Heap History (20 events):
Event: 1.243 GC heap before
{Heap before GC invocations=1 (full 0):
 garbage-first heap   total 262144K, used 40842K [0x00000000e0000000, 0x0000000100000000)
  region size 1024K, 38 young (38912K), 2 survivors (2048K)
 Metaspace       used 4377K, committed 4544K, reserved 393216K
  class space    used 539K, committed 640K, reserved 327680K
}
Event: 1.248 GC heap after
{Heap after GC invocations=2 (full 0):
 garbage-first heap   total 262144K, used 10810K [0x00000000e0000000, 0x0000000100000000)
  region size 1024K, 5 young (5120K), 5 survivors (5120K)
 Metaspace       used 4377K, committed 4544K, reserved 393216K
  class space    used 539K, committed 640K, reserved 327680K
}
Event: 1.927 GC heap before
{Heap before GC invocations=2 (full 0):
 garbage-first heap   total 262144K, used 63034K [0x00000000e0000000, 0x0000000100000000)
  region size 1024K, 54 young (55296K), 5 survivors (5120K)
 Metaspace       used 5566K, committed 5824K, reserved 393216K
  class space    used 726K, committed 832K, reserved 327680K
}
Event: 1.933 GC heap after
{Heap after GC invocations=3 (full 0):
 garbage-first heap   total 262144K, used 16971K [0x00000000e0000000, 0x0000000100000000)
  region size 1024K, 5 young (5120K), 5 survivors (5120K)
 Metaspace       used 5566K, committed 5824K, reserved 393216K
  class space    used 726K, committed 832K, reserved 327680K
}
Event: 4.105 GC heap before
{Heap before GC invocations=3 (full 0):
 garbage-first heap   total 262144K, used 108107K [0x00000000e0000000, 0x0000000100000000)
  region size 1024K, 95 young (97280K), 5 survivors (5120K)
 Metaspace       used 20818K, committed 21504K, reserved 393216K
  class space    used 2968K, committed 3264K, reserved 327680K
}
Event: 4.116 GC heap after
{Heap after GC invocations=4 (full 0):
 garbage-first heap   total 262144K, used 24139K [0x00000000e0000000, 0x0000000100000000)
  region size 1024K, 12 young (12288K), 12 survivors (12288K)
 Metaspace       used 20818K, committed 21504K, reserved 393216K
  class space    used 2968K, committed 3264K, reserved 327680K
}
Event: 5.888 GC heap before
{Heap before GC invocations=5 (full 0):
 garbage-first heap   total 262144K, used 132683K [0x00000000e0000000, 0x0000000100000000)
  region size 1024K, 120 young (122880K), 12 survivors (12288K)
 Metaspace       used 34888K, committed 35968K, reserved 393216K
  class space    used 4890K, committed 5440K, reserved 327680K
}
Event: 5.902 GC heap after
{Heap after GC invocations=6 (full 0):
 garbage-first heap   total 262144K, used 33461K [0x00000000e0000000, 0x0000000100000000)
  region size 1024K, 17 young (17408K), 17 survivors (17408K)
 Metaspace       used 34888K, committed 35968K, reserved 393216K
  class space    used 4890K, committed 5440K, reserved 327680K
}
Event: 8.158 GC heap before
{Heap before GC invocations=7 (full 0):
 garbage-first heap   total 262144K, used 178869K [0x00000000e0000000, 0x0000000100000000)
  region size 1024K, 153 young (156672K), 17 survivors (17408K)
 Metaspace       used 49819K, committed 51520K, reserved 393216K
  class space    used 7051K, committed 7872K, reserved 327680K
}
Event: 8.172 GC heap after
{Heap after GC invocations=8 (full 0):
 garbage-first heap   total 262144K, used 39666K [0x00000000e0000000, 0x0000000100000000)
  region size 1024K, 16 young (16384K), 16 survivors (16384K)
 Metaspace       used 49819K, committed 51520K, reserved 393216K
  class space    used 7051K, committed 7872K, reserved 327680K
}
Event: 10.092 GC heap before
{Heap before GC invocations=8 (full 0):
 garbage-first heap   total 262144K, used 176882K [0x00000000e0000000, 0x0000000100000000)
  region size 1024K, 152 young (155648K), 16 survivors (16384K)
 Metaspace       used 58178K, committed 60160K, reserved 393216K
  class space    used 8211K, committed 9216K, reserved 327680K
}
Event: 10.107 GC heap after
{Heap after GC invocations=9 (full 0):
 garbage-first heap   total 262144K, used 49099K [0x00000000e0000000, 0x0000000100000000)
  region size 1024K, 17 young (17408K), 17 survivors (17408K)
 Metaspace       used 58178K, committed 60160K, reserved 393216K
  class space    used 8211K, committed 9216K, reserved 327680K
}
Event: 10.375 GC heap before
{Heap before GC invocations=9 (full 0):
 garbage-first heap   total 262144K, used 64459K [0x00000000e0000000, 0x0000000100000000)
  region size 1024K, 33 young (33792K), 17 survivors (17408K)
 Metaspace       used 58468K, committed 60480K, reserved 393216K
  class space    used 8237K, committed 9280K, reserved 327680K
}
Event: 10.385 GC heap after
{Heap after GC invocations=10 (full 0):
 garbage-first heap   total 262144K, used 53766K [0x00000000e0000000, 0x0000000100000000)
  region size 1024K, 4 young (4096K), 4 survivors (4096K)
 Metaspace       used 58468K, committed 60480K, reserved 393216K
  class space    used 8237K, committed 9280K, reserved 327680K
}
Event: 756.835 GC heap before
{Heap before GC invocations=11 (full 0):
 garbage-first heap   total 262144K, used 205318K [0x00000000e0000000, 0x0000000100000000)
  region size 1024K, 153 young (156672K), 4 survivors (4096K)
 Metaspace       used 62202K, committed 64384K, reserved 393216K
  class space    used 8648K, committed 9728K, reserved 327680K
}
Event: 756.873 GC heap after
{Heap after GC invocations=12 (full 0):
 garbage-first heap   total 262144K, used 56834K [0x00000000e0000000, 0x0000000100000000)
  region size 1024K, 7 young (7168K), 7 survivors (7168K)
 Metaspace       used 62202K, committed 64384K, reserved 393216K
  class space    used 8648K, committed 9728K, reserved 327680K
}
Event: 761.913 GC heap before
{Heap before GC invocations=12 (full 0):
 garbage-first heap   total 262144K, used 205314K [0x00000000e0000000, 0x0000000100000000)
  region size 1024K, 153 young (156672K), 7 survivors (7168K)
 Metaspace       used 67150K, committed 69440K, reserved 393216K
  class space    used 9402K, committed 10560K, reserved 327680K
}
Event: 761.933 GC heap after
{Heap after GC invocations=13 (full 0):
 garbage-first heap   total 262144K, used 68021K [0x00000000e0000000, 0x0000000100000000)
  region size 1024K, 18 young (18432K), 18 survivors (18432K)
 Metaspace       used 67150K, committed 69440K, reserved 393216K
  class space    used 9402K, committed 10560K, reserved 327680K
}
Event: 762.274 GC heap before
{Heap before GC invocations=13 (full 0):
 garbage-first heap   total 262144K, used 205237K [0x00000000e0000000, 0x0000000100000000)
  region size 1024K, 153 young (156672K), 18 survivors (18432K)
 Metaspace       used 67175K, committed 69440K, reserved 393216K
  class space    used 9403K, committed 10560K, reserved 327680K
}
Event: 762.285 GC heap after
{Heap after GC invocations=14 (full 0):
 garbage-first heap   total 262144K, used 71135K [0x00000000e0000000, 0x0000000100000000)
  region size 1024K, 4 young (4096K), 4 survivors (4096K)
 Metaspace       used 67175K, committed 69440K, reserved 393216K
  class space    used 9403K, committed 10560K, reserved 327680K
}

