# JRE version: Java(TM) SE Runtime Environment (17.0.11+7) (build 17.0.11+7-LTS-207)
# Java VM: Java HotSpot(TM) 64-Bit Server VM (17.0.11+7-LTS-207, mixed mode, emulated-client, sharing, tiered, compressed oops, compressed class ptrs, g1 gc, windows-amd64)
GC Precious Log:
 CPUs: 12 total, 12 available
 Memory: 5829M
 Large Page Support: Disabled
 NUMA Support: Disabled
 Compressed Oops: Enabled (32-bit)
 Heap Region Size: 1M
 Heap Min Capacity: 8M
 Heap Initial Capacity: 92M
 Heap Max Capacity: 1458M
 Pre-touch: Disabled
 Parallel Workers: 10
 Concurrent Workers: 3
 Concurrent Refinement Workers: 10
 Periodic GC: Disabled
Heap:
 garbage-first heap   total 137216K, used 85128K [0x00000000a4e00000, 0x0000000100000000)
  region size 1024K, 3 young (3072K), 3 survivors (3072K)
 Metaspace       used 77309K, committed 78080K, reserved 1179648K
  class space    used 11074K, committed 11456K, reserved 1048576K
GC Heap History (20 events):
Event: 14.898 GC heap after
{Heap after GC invocations=16 (full 0):
 garbage-first heap   total 91136K, used 38559K [0x00000000a4e00000, 0x0000000100000000)
  region size 1024K, 3 young (3072K), 3 survivors (3072K)
 Metaspace       used 56948K, committed 57536K, reserved 1114112K
  class space    used 8168K, committed 8448K, reserved 1048576K
}
Event: 15.244 GC heap before
{Heap before GC invocations=16 (full 0):
 garbage-first heap   total 91136K, used 53919K [0x00000000a4e00000, 0x0000000100000000)
  region size 1024K, 19 young (19456K), 3 survivors (3072K)
 Metaspace       used 59636K, committed 60160K, reserved 1114112K
  class space    used 8528K, committed 8768K, reserved 1048576K
}
Event: 15.255 GC heap after
{Heap after GC invocations=17 (full 0):
 garbage-first heap   total 109568K, used 39484K [0x00000000a4e00000, 0x0000000100000000)
  region size 1024K, 2 young (2048K), 2 survivors (2048K)
 Metaspace       used 59636K, committed 60160K, reserved 1114112K
  class space    used 8528K, committed 8768K, reserved 1048576K
}
Event: 16.718 GC heap before
{Heap before GC invocations=18 (full 0):
 garbage-first heap   total 109568K, used 88636K [0x00000000a4e00000, 0x0000000100000000)
  region size 1024K, 51 young (52224K), 2 survivors (2048K)
 Metaspace       used 67081K, committed 67712K, reserved 1114112K
  class space    used 9776K, committed 10048K, reserved 1048576K
}
Event: 16.727 GC heap after
{Heap after GC invocations=19 (full 0):
 garbage-first heap   total 109568K, used 40774K [0x00000000a4e00000, 0x0000000100000000)
  region size 1024K, 4 young (4096K), 4 survivors (4096K)
 Metaspace       used 67081K, committed 67712K, reserved 1114112K
  class space    used 9776K, committed 10048K, reserved 1048576K
}
Event: 20.275 GC heap before
{Heap before GC invocations=20 (full 0):
 garbage-first heap   total 109568K, used 89926K [0x00000000a4e00000, 0x0000000100000000)
  region size 1024K, 52 young (53248K), 4 survivors (4096K)
 Metaspace       used 72800K, committed 73472K, reserved 1114112K
  class space    used 10667K, committed 10944K, reserved 1048576K
}
Event: 20.281 GC heap after
{Heap after GC invocations=21 (full 0):
 garbage-first heap   total 109568K, used 43941K [0x00000000a4e00000, 0x0000000100000000)
  region size 1024K, 7 young (7168K), 7 survivors (7168K)
 Metaspace       used 72800K, committed 73472K, reserved 1114112K
  class space    used 10667K, committed 10944K, reserved 1048576K
}
Event: 21.015 GC heap before
{Heap before GC invocations=21 (full 0):
 garbage-first heap   total 109568K, used 92069K [0x00000000a4e00000, 0x0000000100000000)
  region size 1024K, 51 young (52224K), 7 survivors (7168K)
 Metaspace       used 76733K, committed 77440K, reserved 1179648K
  class space    used 10981K, committed 11328K, reserved 1048576K
}
Event: 21.029 GC heap after
{Heap after GC invocations=22 (full 0):
 garbage-first heap   total 111616K, used 57742K [0x00000000a4e00000, 0x0000000100000000)
  region size 1024K, 7 young (7168K), 7 survivors (7168K)
 Metaspace       used 76733K, committed 77440K, reserved 1179648K
  class space    used 10981K, committed 11328K, reserved 1048576K
}
Event: 21.069 GC heap before
{Heap before GC invocations=22 (full 0):
 garbage-first heap   total 111616K, used 61838K [0x00000000a4e00000, 0x0000000100000000)
  region size 1024K, 12 young (12288K), 7 survivors (7168K)
 Metaspace       used 76737K, committed 77440K, reserved 1179648K
  class space    used 10982K, committed 11328K, reserved 1048576K
}
Event: 21.079 GC heap after
{Heap after GC invocations=23 (full 0):
 garbage-first heap   total 111616K, used 63568K [0x00000000a4e00000, 0x0000000100000000)
  region size 1024K, 5 young (5120K), 5 survivors (5120K)
 Metaspace       used 76737K, committed 77440K, reserved 1179648K
  class space    used 10982K, committed 11328K, reserved 1048576K
}
Event: 21.308 GC heap before
{Heap before GC invocations=24 (full 0):
 garbage-first heap   total 119808K, used 79952K [0x00000000a4e00000, 0x0000000100000000)
  region size 1024K, 20 young (20480K), 5 survivors (5120K)
 Metaspace       used 77309K, committed 78080K, reserved 1179648K
  class space    used 11074K, committed 11456K, reserved 1048576K
}
Event: 21.314 GC heap after
{Heap after GC invocations=25 (full 0):
 garbage-first heap   total 119808K, used 70919K [0x00000000a4e00000, 0x0000000100000000)
  region size 1024K, 3 young (3072K), 3 survivors (3072K)
 Metaspace       used 77309K, committed 78080K, reserved 1179648K
  class space    used 11074K, committed 11456K, reserved 1048576K
}
Event: 21.337 GC heap before
{Heap before GC invocations=25 (full 0):
 garbage-first heap   total 119808K, used 79111K [0x00000000a4e00000, 0x0000000100000000)
  region size 1024K, 12 young (12288K), 3 survivors (3072K)
 Metaspace       used 77309K, committed 78080K, reserved 1179648K
  class space    used 11074K, committed 11456K, reserved 1048576K
}
Event: 21.341 GC heap after
{Heap after GC invocations=26 (full 0):
 garbage-first heap   total 119808K, used 74625K [0x00000000a4e00000, 0x0000000100000000)
  region size 1024K, 3 young (3072K), 3 survivors (3072K)
 Metaspace       used 77309K, committed 78080K, reserved 1179648K
  class space    used 11074K, committed 11456K, reserved 1048576K
}
Event: 21.427 GC heap before
{Heap before GC invocations=27 (full 0):
 garbage-first heap   total 137216K, used 88961K [0x00000000a4e00000, 0x0000000100000000)
  region size 1024K, 17 young (17408K), 3 survivors (3072K)
 Metaspace       used 77309K, committed 78080K, reserved 1179648K
  class space    used 11074K, committed 11456K, reserved 1048576K
}
Event: 21.434 GC heap after
{Heap after GC invocations=28 (full 0):
 garbage-first heap   total 137216K, used 79269K [0x00000000a4e00000, 0x0000000100000000)
  region size 1024K, 3 young (3072K), 3 survivors (3072K)
 Metaspace       used 77309K, committed 78080K, reserved 1179648K
  class space    used 11074K, committed 11456K, reserved 1048576K
}
Event: 21.449 GC heap before
{Heap before GC invocations=28 (full 0):
 garbage-first heap   total 137216K, used 82341K [0x00000000a4e00000, 0x0000000100000000)
  region size 1024K, 6 young (6144K), 3 survivors (3072K)
 Metaspace       used 77309K, committed 78080K, reserved 1179648K
  class space    used 11074K, committed 11456K, reserved 1048576K
}
Event: 21.454 GC heap after
{Heap after GC invocations=29 (full 0):
 garbage-first heap   total 137216K, used 82025K [0x00000000a4e00000, 0x0000000100000000)
  region size 1024K, 1 young (1024K), 1 survivors (1024K)
 Metaspace       used 77309K, committed 78080K, reserved 1179648K
  class space    used 11074K, committed 11456K, reserved 1048576K
}
Event: 21.469 GC heap before
{Heap before GC invocations=29 (full 0):
 garbage-first heap   total 137216K, used 84073K [0x00000000a4e00000, 0x0000000100000000)
  region size 1024K, 4 young (4096K), 1 survivors (1024K)
 Metaspace       used 77309K, committed 78080K, reserved 1179648K
  class space    used 11074K, committed 11456K, reserved 1048576K
}

