# JRE version: Java(TM) SE Runtime Environment (17.0.11+7) (build 17.0.11+7-LTS-207)
# Java VM: Java HotSpot(TM) 64-Bit Server VM (17.0.11+7-LTS-207, mixed mode, emulated-client, sharing, tiered, compressed oops, compressed class ptrs, g1 gc, windows-amd64)
GC Precious Log:
 CPUs: 12 total, 12 available
 Memory: 5829M
 Large Page Support: Disabled
 NUMA Support: Disabled
 Compressed Oops: Enabled (32-bit)
 Heap Region Size: 1M
 Heap Min Capacity: 8M
 Heap Initial Capacity: 92M
 Heap Max Capacity: 1458M
 Pre-touch: Disabled
 Parallel Workers: 10
 Concurrent Workers: 3
 Concurrent Refinement Workers: 10
 Periodic GC: Disabled
Heap:
 garbage-first heap   total 95232K, used 58281K [0x00000000a4e00000, 0x0000000100000000)
  region size 1024K, 3 young (3072K), 3 survivors (3072K)
 Metaspace       used 81741K, committed 82432K, reserved 1179648K
  class space    used 11962K, committed 12288K, reserved 1048576K
GC Heap History (20 events):
Event: 14.519 GC heap after
{Heap after GC invocations=14 (full 0):
 garbage-first heap   total 95232K, used 37925K [0x00000000a4e00000, 0x0000000100000000)
  region size 1024K, 5 young (5120K), 5 survivors (5120K)
 Metaspace       used 52539K, committed 53120K, reserved 1114112K
  class space    used 7520K, committed 7808K, reserved 1048576K
}
Event: 16.468 GC heap before
{Heap before GC invocations=14 (full 0):
 garbage-first heap   total 95232K, used 75813K [0x00000000a4e00000, 0x0000000100000000)
  region size 1024K, 42 young (43008K), 5 survivors (5120K)
 Metaspace       used 58860K, committed 59520K, reserved 1114112K
  class space    used 8388K, committed 8704K, reserved 1048576K
}
Event: 16.478 GC heap after
{Heap after GC invocations=15 (full 0):
 garbage-first heap   total 95232K, used 39331K [0x00000000a4e00000, 0x0000000100000000)
  region size 1024K, 3 young (3072K), 3 survivors (3072K)
 Metaspace       used 58860K, committed 59520K, reserved 1114112K
  class space    used 8388K, committed 8704K, reserved 1048576K
}
Event: 16.563 GC heap before
{Heap before GC invocations=15 (full 0):
 garbage-first heap   total 95232K, used 43427K [0x00000000a4e00000, 0x0000000100000000)
  region size 1024K, 8 young (8192K), 3 survivors (3072K)
 Metaspace       used 59543K, committed 60096K, reserved 1114112K
  class space    used 8518K, committed 8768K, reserved 1048576K
}
Event: 16.569 GC heap after
{Heap after GC invocations=16 (full 0):
 garbage-first heap   total 95232K, used 40084K [0x00000000a4e00000, 0x0000000100000000)
  region size 1024K, 2 young (2048K), 2 survivors (2048K)
 Metaspace       used 59543K, committed 60096K, reserved 1114112K
  class space    used 8518K, committed 8768K, reserved 1048576K
}
Event: 17.243 GC heap before
{Heap before GC invocations=17 (full 0):
 garbage-first heap   total 95232K, used 76948K [0x00000000a4e00000, 0x0000000100000000)
  region size 1024K, 38 young (38912K), 2 survivors (2048K)
 Metaspace       used 64732K, committed 65344K, reserved 1114112K
  class space    used 9436K, committed 9728K, reserved 1048576K
}
Event: 17.250 GC heap after
{Heap after GC invocations=18 (full 0):
 garbage-first heap   total 95232K, used 40745K [0x00000000a4e00000, 0x0000000100000000)
  region size 1024K, 3 young (3072K), 3 survivors (3072K)
 Metaspace       used 64732K, committed 65344K, reserved 1114112K
  class space    used 9436K, committed 9728K, reserved 1048576K
}
Event: 27.412 GC heap before
{Heap before GC invocations=19 (full 0):
 garbage-first heap   total 95232K, used 77609K [0x00000000a4e00000, 0x0000000100000000)
  region size 1024K, 39 young (39936K), 3 survivors (3072K)
 Metaspace       used 69623K, committed 70208K, reserved 1114112K
  class space    used 10216K, committed 10496K, reserved 1048576K
}
Event: 27.420 GC heap after
{Heap after GC invocations=20 (full 0):
 garbage-first heap   total 95232K, used 42603K [0x00000000a4e00000, 0x0000000100000000)
  region size 1024K, 5 young (5120K), 5 survivors (5120K)
 Metaspace       used 69623K, committed 70208K, reserved 1114112K
  class space    used 10216K, committed 10496K, reserved 1048576K
}
Event: 28.028 GC heap before
{Heap before GC invocations=20 (full 0):
 garbage-first heap   total 95232K, used 77419K [0x00000000a4e00000, 0x0000000100000000)
  region size 1024K, 39 young (39936K), 5 survivors (5120K)
 Metaspace       used 74133K, committed 74816K, reserved 1114112K
  class space    used 10952K, committed 11264K, reserved 1048576K
}
Event: 28.033 GC heap after
{Heap after GC invocations=21 (full 0):
 garbage-first heap   total 95232K, used 45019K [0x00000000a4e00000, 0x0000000100000000)
  region size 1024K, 5 young (5120K), 5 survivors (5120K)
 Metaspace       used 74133K, committed 74816K, reserved 1114112K
  class space    used 10952K, committed 11264K, reserved 1048576K
}
Event: 28.307 GC heap before
{Heap before GC invocations=21 (full 0):
 garbage-first heap   total 95232K, used 77787K [0x00000000a4e00000, 0x0000000100000000)
  region size 1024K, 37 young (37888K), 5 survivors (5120K)
 Metaspace       used 76715K, committed 77376K, reserved 1179648K
  class space    used 11493K, committed 11840K, reserved 1048576K
}
Event: 28.311 GC heap after
{Heap after GC invocations=22 (full 0):
 garbage-first heap   total 95232K, used 47154K [0x00000000a4e00000, 0x0000000100000000)
  region size 1024K, 5 young (5120K), 5 survivors (5120K)
 Metaspace       used 76715K, committed 77376K, reserved 1179648K
  class space    used 11493K, committed 11840K, reserved 1048576K
}
Event: 28.515 GC heap before
{Heap before GC invocations=22 (full 0):
 garbage-first heap   total 95232K, used 74802K [0x00000000a4e00000, 0x0000000100000000)
  region size 1024K, 34 young (34816K), 5 survivors (5120K)
 Metaspace       used 78747K, committed 79488K, reserved 1179648K
  class space    used 11722K, committed 12096K, reserved 1048576K
}
Event: 28.519 GC heap after
{Heap after GC invocations=23 (full 0):
 garbage-first heap   total 95232K, used 48620K [0x00000000a4e00000, 0x0000000100000000)
  region size 1024K, 4 young (4096K), 4 survivors (4096K)
 Metaspace       used 78747K, committed 79488K, reserved 1179648K
  class space    used 11722K, committed 12096K, reserved 1048576K
}
Event: 28.904 GC heap before
{Heap before GC invocations=24 (full 0):
 garbage-first heap   total 95232K, used 79340K [0x00000000a4e00000, 0x0000000100000000)
  region size 1024K, 32 young (32768K), 4 survivors (4096K)
 Metaspace       used 81741K, committed 82432K, reserved 1179648K
  class space    used 11962K, committed 12288K, reserved 1048576K
}
Event: 28.910 GC heap after
{Heap after GC invocations=25 (full 0):
 garbage-first heap   total 95232K, used 55877K [0x00000000a4e00000, 0x0000000100000000)
  region size 1024K, 4 young (4096K), 4 survivors (4096K)
 Metaspace       used 81741K, committed 82432K, reserved 1179648K
  class space    used 11962K, committed 12288K, reserved 1048576K
}
Event: 28.913 GC heap before
{Heap before GC invocations=25 (full 0):
 garbage-first heap   total 95232K, used 56901K [0x00000000a4e00000, 0x0000000100000000)
  region size 1024K, 5 young (5120K), 4 survivors (4096K)
 Metaspace       used 81741K, committed 82432K, reserved 1179648K
  class space    used 11962K, committed 12288K, reserved 1048576K
}
Event: 28.917 GC heap after
{Heap after GC invocations=26 (full 0):
 garbage-first heap   total 95232K, used 56296K [0x00000000a4e00000, 0x0000000100000000)
  region size 1024K, 1 young (1024K), 1 survivors (1024K)
 Metaspace       used 81741K, committed 82432K, reserved 1179648K
  class space    used 11962K, committed 12288K, reserved 1048576K
}
Event: 28.932 GC heap before
{Heap before GC invocations=26 (full 0):
 garbage-first heap   total 95232K, used 62440K [0x00000000a4e00000, 0x0000000100000000)
  region size 1024K, 8 young (8192K), 1 survivors (1024K)
 Metaspace       used 81741K, committed 82432K, reserved 1179648K
  class space    used 11962K, committed 12288K, reserved 1048576K
}

